\BOOKMARK [1][-]{Doc-Start}{\376\377\000I\000n\000h\000a\000l\000t\000s\000v\000e\000r\000z\000e\000i\000c\000h\000n\000i\000s}{}% 1
\BOOKMARK [1][-]{Doc-Start}{\376\377\000A\000b\000b\000i\000l\000d\000u\000n\000g\000s\000v\000e\000r\000z\000e\000i\000c\000h\000n\000i\000s}{}% 2
\BOOKMARK [1][-]{section.1}{\376\377\000E\000i\000n\000l\000e\000i\000t\000u\000n\000g}{}% 3
\BOOKMARK [2][-]{subsection.1.1}{\376\377\000M\000o\000t\000i\000v\000a\000t\000i\000o\000n}{section.1}% 4
\BOOKMARK [2][-]{subsection.1.2}{\376\377\000Z\000i\000e\000l\000s\000e\000t\000z\000u\000n\000g}{section.1}% 5
\BOOKMARK [2][-]{subsection.1.3}{\376\377\000V\000o\000r\000g\000e\000h\000e\000n\000s\000w\000e\000i\000s\000e}{section.1}% 6
\BOOKMARK [1][-]{section.2}{\376\377\000G\000r\000u\000n\000d\000l\000a\000g\000e\000n}{}% 7
\BOOKMARK [2][-]{subsection.2.1}{\376\377\000I\000n\000d\000u\000s\000t\000r\000i\000e\000\040\0004\000.\0000}{section.2}% 8
\BOOKMARK [2][-]{subsection.2.2}{\376\377\000K\000\374\000n\000s\000t\000l\000i\000c\000h\000e\000\040\000I\000n\000t\000e\000l\000l\000i\000g\000e\000n\000z}{section.2}% 9
\BOOKMARK [2][-]{subsection.2.3}{\376\377\000D\000i\000g\000i\000t\000a\000l\000e\000r\000\040\000Z\000w\000i\000l\000l\000i\000n\000g}{section.2}% 10
\BOOKMARK [2][-]{subsection.2.4}{\376\377\000A\000s\000s\000e\000t\000\040\000A\000d\000m\000i\000n\000i\000s\000t\000r\000a\000t\000i\000o\000n\000\040\000S\000h\000e\000l\000l}{section.2}% 11
\BOOKMARK [3][-]{subsubsection.2.4.1}{\376\377\000A\000u\000f\000b\000a\000u\000\040\000u\000n\000d\000\040\000S\000t\000r\000u\000k\000t\000u\000r}{subsection.2.4}% 12
\BOOKMARK [3][-]{subsubsection.2.4.2}{\376\377\000I\000n\000f\000o\000r\000m\000a\000t\000i\000o\000n\000s\000a\000u\000s\000t\000a\000u\000s\000c\000h}{subsection.2.4}% 13
\BOOKMARK [3][-]{subsubsection.2.4.3}{\376\377\000S\000i\000c\000h\000e\000r\000h\000e\000i\000t}{subsection.2.4}% 14
\BOOKMARK [2][-]{subsection.2.5}{\376\377\000D\000i\000g\000i\000t\000a\000l\000e\000r\000\040\000P\000r\000o\000d\000u\000k\000t\000p\000a\000s\000s}{section.2}% 15
\BOOKMARK [2][-]{subsection.2.6}{\376\377\000r\000o\000b\000o\000c\000e\000l\000l}{section.2}% 16
\BOOKMARK [2][-]{subsection.2.7}{\376\377\000T\000e\000c\000h\000n\000o\000l\000o\000g\000i\000s\000c\000h\000e\000\040\000G\000r\000u\000n\000d\000l\000a\000g\000e\000n}{section.2}% 17
\BOOKMARK [3][-]{subsubsection.2.7.1}{\376\377\000A\000A\000S\000X\000\040\000P\000a\000c\000k\000a\000g\000e\000\040\000E\000x\000l\000p\000o\000r\000e\000r}{subsection.2.7}% 18
\BOOKMARK [3][-]{subsubsection.2.7.2}{\376\377\000E\000c\000l\000i\000p\000s\000e\000\040\000B\000a\000S\000y\000x\000\040}{subsection.2.7}% 19
\BOOKMARK [3][-]{subsubsection.2.7.3}{\376\377\000O\000P\000C\000\040\000U\000n\000i\000f\000i\000e\000d\000\040\000A\000r\000c\000h\000i\000t\000e\000c\000t\000u\000r\000e}{subsection.2.7}% 20
\BOOKMARK [1][-]{section.3}{\376\377\000E\000n\000t\000w\000i\000c\000k\000l\000u\000n\000g}{}% 21
\BOOKMARK [2][-]{subsection.3.1}{\376\377\000K\000o\000n\000z\000e\000p\000t\000i\000o\000n\000i\000e\000r\000u\000n\000g\000\040\000d\000e\000s\000\040\000d\000i\000g\000i\000t\000a\000l\000e\000n\000\040\000Z\000w\000i\000l\000l\000i\000n\000g}{section.3}% 22
\BOOKMARK [3][-]{subsubsection.3.1.1}{\376\377\000I\000d\000e\000n\000t\000i\000f\000i\000k\000a\000t\000i\000o\000n\000\040\000r\000e\000l\000e\000v\000a\000n\000t\000e\000r\000\040\000D\000a\000t\000e\000n\000q\000u\000e\000l\000l\000e\000n}{subsection.3.1}% 23
\BOOKMARK [3][-]{subsubsection.3.1.2}{\376\377\000A\000u\000s\000w\000a\000h\000l\000\040\000g\000e\000e\000i\000g\000n\000e\000t\000e\000r\000\040\000T\000e\000i\000l\000m\000o\000d\000e\000l\000l\000e}{subsection.3.1}% 24
\BOOKMARK [2][-]{subsection.3.2}{\376\377\000M\000o\000d\000e\000l\000l\000i\000e\000r\000u\000n\000g\000\040\000m\000i\000t\000\040\000d\000e\000r\000\040\000A\000A\000S}{section.3}% 25
\BOOKMARK [3][-]{subsubsection.3.2.1}{\376\377\000U\000m\000s\000e\000t\000z\000u\000n\000g\000\040\000m\000i\000t\000\040\000d\000e\000m\000\040\000P\000a\000c\000k\000a\000g\000e\000\040\000E\000x\000p\000l\000o\000r\000e\000r}{subsection.3.2}% 26
\BOOKMARK [3][-]{subsubsection.3.2.2}{\376\377\000V\000a\000l\000i\000d\000i\000e\000r\000u\000n\000g}{subsection.3.2}% 27
\BOOKMARK [2][-]{subsection.3.3}{\376\377\000T\000e\000c\000h\000n\000i\000s\000c\000h\000e\000\040\000I\000n\000t\000e\000g\000r\000a\000t\000i\000o\000n}{section.3}% 28
\BOOKMARK [3][-]{subsubsection.3.3.1}{\376\377\000B\000e\000r\000e\000i\000t\000s\000t\000e\000l\000l\000u\000n\000g\000\040\000d\000e\000r\000\040\000V\000e\000r\000w\000a\000l\000t\000u\000n\000g\000s\000s\000c\000h\000a\000l\000e\000n}{subsection.3.3}% 29
\BOOKMARK [3][-]{subsubsection.3.3.2}{\376\377\000D\000a\000t\000e\000n\000z\000u\000g\000r\000i\000f\000f\000\040\000\374\000b\000e\000r\000\040\000s\000t\000a\000n\000d\000a\000r\000d\000i\000s\000i\000e\000r\000t\000e\000\040\000S\000c\000h\000n\000i\000t\000t\000s\000t\000e\000l\000l\000e\000n}{subsection.3.3}% 30
\BOOKMARK [3][-]{subsubsection.3.3.3}{\376\377\000I\000n\000t\000e\000g\000r\000a\000t\000i\000o\000n\000\040\000v\000o\000n\000\040\000E\000c\000h\000t\000z\000e\000i\000t\000d\000a\000t\000e\000n\000\040\000\374\000b\000e\000r\000\040\000O\000P\000C\000\040\000U\000A}{subsection.3.3}% 31
\BOOKMARK [3][-]{subsubsection.3.3.4}{\376\377\000V\000e\000r\000a\000r\000b\000e\000i\000t\000u\000n\000g\000\040\000v\000o\000n\000\040\000Z\000e\000i\000t\000r\000e\000i\000h\000e\000n\000d\000a\000t\000e\000n}{subsection.3.3}% 32
\BOOKMARK [2][-]{subsection.3.4}{\376\377\000A\000n\000w\000e\000n\000d\000u\000n\000g\000s\000f\000a\000l\000l\000\040\000D\000i\000g\000i\000t\000a\000l\000e\000r\000\040\000P\000r\000o\000d\000u\000k\000t\000p\000a\000s\000s}{section.3}% 33
\BOOKMARK [3][-]{subsubsection.3.4.1}{\376\377\000B\000e\000s\000c\000h\000r\000e\000i\000b\000u\000n\000g}{subsection.3.4}% 34
\BOOKMARK [3][-]{subsubsection.3.4.2}{\376\377\000U\000m\000s\000e\000t\000z\000u\000n\000g\000\040\000m\000i\000t\000\040\000d\000e\000m\000\040\000T\000e\000i\000l\000m\000o\000d\000e\000l\000l\000\040\000C\000a\000r\000b\000o\000n\000\040\000F\000o\000o\000t\000p\000r\000i\000n\000t}{subsection.3.4}% 35
\BOOKMARK [2][-]{subsection.3.5}{\376\377\000A\000n\000w\000e\000n\000d\000u\000n\000g\000s\000f\000a\000l\000l\000\040\000a\000u\000t\000o\000m\000a\000t\000i\000s\000i\000e\000r\000t\000e\000\040\000G\000e\000n\000e\000r\000i\000e\000r\000u\000n\000g\000\040\000v\000o\000n\000\040\000A\000A\000S}{section.3}% 36
\BOOKMARK [3][-]{subsubsection.3.5.1}{\376\377\000E\000r\000s\000t\000e\000l\000l\000e\000n\000\040\000v\000o\000n\000\040\000S\000u\000b\000m\000o\000d\000e\000l\000l\000-\000T\000e\000m\000p\000l\000a\000t\000e\000s}{subsection.3.5}% 37
\BOOKMARK [3][-]{subsubsection.3.5.2}{\376\377\000B\000e\000f\000\374\000l\000l\000e\000n\000\040\000d\000e\000r\000\040\000T\000e\000m\000p\000l\000a\000t\000e\000s\000\040\000m\000i\000t\000\040\000s\000t\000r\000u\000k\000t\000u\000r\000i\000e\000r\000t\000e\000n\000\040\000D\000a\000t\000e\000n}{subsection.3.5}% 38
\BOOKMARK [3][-]{subsubsection.3.5.3}{\376\377\000B\000e\000r\000e\000i\000t\000s\000t\000e\000l\000l\000e\000n\000\040\000d\000e\000r\000\040\000A\000A\000S\000\040\000\374\000b\000e\000r\000\040\000d\000i\000e\000\040\000R\000e\000s\000t\000\040\000A\000P\000I}{subsection.3.5}% 39
\BOOKMARK [3][-]{subsubsection.3.5.4}{\376\377\000P\000o\000t\000e\000n\000z\000i\000a\000l\000e\000\040\000d\000e\000s\000\040\000K\000I\000-\000E\000i\000n\000s\000a\000t\000z\000e\000s}{subsection.3.5}% 40
\BOOKMARK [1][-]{section.4}{\376\377\000E\000r\000g\000e\000b\000n\000i\000s\000s\000e}{}% 41
\BOOKMARK [2][-]{subsection.4.1}{\376\377\000A\000A\000S\000-\000D\000e\000m\000o\000n\000s\000t\000r\000a\000t\000o\000r\000\040\000f\000\374\000r\000\040\000d\000i\000e\000\040\000r\000o\000b\000o\000c\000e\000l\000l}{section.4}% 42
\BOOKMARK [3][-]{subsubsection.4.1.1}{\376\377\000S\000y\000s\000t\000e\000m\000a\000r\000c\000h\000i\000t\000e\000k\000t\000u\000r}{subsection.4.1}% 43
\BOOKMARK [3][-]{subsubsection.4.1.2}{\376\377\000E\000i\000n\000g\000e\000s\000e\000t\000z\000t\000e\000\040\000T\000e\000i\000l\000m\000o\000d\000e\000l\000l\000e}{subsection.4.1}% 44
\BOOKMARK [3][-]{subsubsection.4.1.3}{\376\377\000H\000e\000r\000a\000u\000s\000f\000o\000r\000d\000e\000r\000u\000n\000g\000e\000n\000\040\000b\000e\000i\000\040\000d\000e\000r\000\040\000E\000r\000s\000t\000e\000l\000l\000u\000n\000g}{subsection.4.1}% 45
\BOOKMARK [2][-]{subsection.4.2}{\376\377\000A\000n\000w\000e\000n\000d\000u\000n\000g\000s\000f\000a\000l\000l\000\040\000D\000i\000g\000i\000t\000a\000l\000e\000r\000\040\000P\000r\000o\000d\000u\000k\000t\000p\000a\000s\000s}{section.4}% 46
\BOOKMARK [3][-]{subsubsection.4.2.1}{\376\377\000I\000m\000p\000l\000e\000m\000e\000n\000t\000i\000e\000r\000u\000n\000g\000s\000k\000o\000n\000z\000e\000p\000t}{subsection.4.2}% 47
\BOOKMARK [3][-]{subsubsection.4.2.2}{\376\377\000D\000y\000n\000a\000m\000i\000s\000c\000h\000e\000\040\000B\000e\000r\000e\000c\000h\000n\000u\000n\000g\000\040\000d\000e\000s\000\040\000P\000C\000F}{subsection.4.2}% 48
\BOOKMARK [2][-]{subsection.4.3}{\376\377\000A\000n\000w\000e\000n\000d\000u\000n\000g\000s\000f\000a\000l\000l\000\040\000a\000u\000t\000o\000m\000a\000t\000i\000s\000i\000e\000r\000t\000e\000\040\000G\000e\000n\000e\000r\000i\000e\000r\000u\000n\000g\000\040\000d\000e\000r\000\040\000A\000A\000S}{section.4}% 49
\BOOKMARK [2][-]{subsection.4.4}{\376\377\000E\000i\000n\000s\000a\000t\000z\000m\000\366\000g\000l\000i\000c\000h\000k\000e\000i\000t\000e\000n\000\040\000v\000o\000n\000\040\000K\000I\000\040\000i\000m\000\040\000K\000o\000n\000t\000e\000x\000t\000\040\000d\000e\000r\000\040\000V\000e\000r\000w\000a\000l\000t\000u\000n\000g\000s\000s\000c\000h\000a\000l\000e}{section.4}% 50
\BOOKMARK [3][-]{subsubsection.4.4.1}{\376\377\000G\000e\000n\000e\000r\000i\000e\000r\000u\000n\000g\000\040\000v\000o\000n\000\040\000V\000e\000r\000w\000a\000l\000t\000u\000n\000g\000s\000s\000c\000h\000a\000l\000e\000n}{subsection.4.4}% 51
\BOOKMARK [3][-]{subsubsection.4.4.2}{\376\377\000A\000n\000o\000m\000a\000l\000i\000e\000r\000e\000r\000k\000e\000n\000n\000u\000n\000g}{subsection.4.4}% 52
\BOOKMARK [3][-]{subsubsection.4.4.3}{\376\377\000W\000e\000i\000t\000e\000r\000f\000\374\000h\000r\000e\000n\000d\000e\000\040\000E\000i\000n\000s\000a\000t\000z\000m\000\366\000g\000l\000i\000c\000h\000k\000e\000i\000t\000e\000n}{subsection.4.4}% 53
\BOOKMARK [2][-]{subsection.4.5}{\376\377\000E\000v\000a\000l\000u\000i\000e\000r\000u\000n\000g\000\040\000e\000i\000n\000g\000e\000s\000e\000t\000z\000t\000e\000r\000\040\000T\000o\000o\000l\000s\000\040\000u\000n\000d\000\040\000S\000o\000f\000t\000w\000a\000r\000e}{section.4}% 54
\BOOKMARK [3][-]{subsubsection.4.5.1}{\376\377\000A\000A\000S\000X\000\040\000P\000a\000c\000k\000a\000g\000e\000\040\000E\000x\000p\000l\000o\000r\000e\000r}{subsection.4.5}% 55
\BOOKMARK [3][-]{subsubsection.4.5.2}{\376\377\000E\000c\000l\000i\000p\000s\000e\000\040\000A\000A\000S\000X\000\040\000S\000e\000r\000v\000e\000r}{subsection.4.5}% 56
\BOOKMARK [3][-]{subsubsection.4.5.3}{\376\377\000B\000a\000S\000y\000x}{subsection.4.5}% 57
\BOOKMARK [3][-]{subsubsection.4.5.4}{\376\377\000M\000n\000e\000s\000t\000i\000x\000\040\000B\000r\000o\000w\000s\000e\000r}{subsection.4.5}% 58
\BOOKMARK [1][-]{section.5}{\376\377\000Z\000u\000s\000a\000m\000m\000e\000n\000f\000a\000s\000s\000u\000n\000g\000\040\000u\000n\000d\000\040\000A\000u\000s\000b\000l\000i\000c\000k}{}% 59
\BOOKMARK [2][-]{subsection.5.1}{\376\377\000Z\000u\000s\000a\000m\000m\000e\000n\000f\000a\000s\000s\000u\000n\000g\000\040\000d\000e\000r\000\040\000A\000r\000b\000e\000i\000t}{section.5}% 60
\BOOKMARK [2][-]{subsection.5.2}{\376\377\000H\000a\000n\000d\000l\000u\000n\000g\000s\000e\000m\000p\000f\000e\000h\000l\000u\000n\000g\000\040\000f\000\374\000r\000\040\000g\000r\000o\000n\000i\000n\000g\000e\000r}{section.5}% 61
\BOOKMARK [2][-]{subsection.5.3}{\376\377\000A\000u\000s\000b\000l\000i\000c\000k\000\040\000a\000u\000f\000\040\000z\000u\000k\000\374\000n\000f\000t\000i\000g\000e\000\040\000E\000n\000t\000w\000i\000c\000k\000l\000u\000n\000g\000e\000n}{section.5}% 62
\BOOKMARK [1][-]{section*.30}{\376\377\000G\000l\000o\000s\000s\000a\000r\000\040\000u\000n\000d\000\040\000A\000b\000k\000\374\000r\000z\000u\000n\000g\000s\000v\000e\000r\000z\000e\000i\000c\000h\000n\000i\000s}{}% 63
\BOOKMARK [1][-]{appendix.A}{\376\377\000A\000n\000h\000a\000n\000g\000\040\0001}{}% 64
